{"C:\\coding\\JS\\Vue\\vue3-crashcourse-vue-test-utils\\crashcourse-vue-test-utils\\src\\components\\TodoApp.vue": {"path":"C:\\coding\\JS\\Vue\\vue3-crashcourse-vue-test-utils\\crashcourse-vue-test-utils\\src\\components\\TodoApp.vue","statementMap":{"0":{"start":{"line":13,"column":15},"end":{"line":13,"column":null}},"1":{"start":{"line":16,"column":8},"end":{"line":16,"column":15}},"2":{"start":{"line":29,"column":12},"end":{"line":29,"column":17}}},"fnMap":{"0":{"name":"(anonymous_0)","decl":{"start":{"line":15,"column":4},"end":{"line":15,"column":8}},"loc":{"start":{"line":15,"column":11},"end":{"line":26,"column":null}}},"1":{"name":"(anonymous_1)","decl":{"start":{"line":28,"column":8},"end":{"line":28,"column":18}},"loc":{"start":{"line":28,"column":20},"end":{"line":34,"column":null}}}},"branchMap":{},"s":{"0":1,"1":3,"2":1},"f":{"0":3,"1":1},"b":{}}
}
